<?xml version="1.0" encoding="UTF-8"?>
<testng-results skipped="0" failed="0" ignored="0" total="2" passed="2">
  <reporter-output>
  </reporter-output>
  <suite name="Default suite" duration-ms="21825" started-at="2020-12-05T23:10:54 EST" finished-at="2020-12-05T23:11:16 EST">
    <groups>
    </groups>
    <test name="Default test" duration-ms="21825" started-at="2020-12-05T23:10:54 EST" finished-at="2020-12-05T23:11:16 EST">
      <class name="com.herokuapp.theinternet.Negativetest">
        <test-method status="PASS" signature="setup()[pri:0, instance:com.herokuapp.theinternet.Negativetest@694e1548]" name="setup" is-config="true" duration-ms="9" started-at="2020-12-05T23:10:54 EST" finished-at="2020-12-05T23:10:54 EST">
          <reporter-output>
          </reporter-output>
        </test-method> <!-- setup -->
        <test-method status="PASS" signature="NegativeTest()[pri:0, instance:com.herokuapp.theinternet.Negativetest@694e1548]" name="NegativeTest" duration-ms="12431" started-at="2020-12-05T23:10:54 EST" finished-at="2020-12-05T23:11:06 EST">
          <reporter-output>
          </reporter-output>
        </test-method> <!-- NegativeTest -->
        <test-method status="PASS" signature="NegativeTest2()[pri:0, instance:com.herokuapp.theinternet.Negativetest@694e1548]" name="NegativeTest2" duration-ms="9343" started-at="2020-12-05T23:11:06 EST" finished-at="2020-12-05T23:11:16 EST">
          <reporter-output>
          </reporter-output>
        </test-method> <!-- NegativeTest2 -->
        <test-method status="PASS" signature="quit()[pri:0, instance:com.herokuapp.theinternet.Negativetest@694e1548]" name="quit" is-config="true" duration-ms="0" started-at="2020-12-05T23:11:16 EST" finished-at="2020-12-05T23:11:16 EST">
          <reporter-output>
          </reporter-output>
        </test-method> <!-- quit -->
      </class> <!-- com.herokuapp.theinternet.Negativetest -->
    </test> <!-- Default test -->
  </suite> <!-- Default suite -->
</testng-results>
